<?xml version='1.0'?>
<ns2:test-suite xmlns:ns2='urn:model.allure.qatools.yandex.ru' start='1646151248321' stop='1646151253181'>
    <name>PRECONDITION</name>
    <title>PRECONDITION</title>
    <test-cases>
        <test-case start='1646151248322' status='failed' stop='1646151253177'>
            <name>TEST LOGIN</name>
            <title>TEST LOGIN</title>
            <labels>
                <label name='language' value='javascript'/>
                <label name='framework' value='wdio'/>
                <label name='thread' value='0-0'/>
            </labels>
            <parameters>
                <parameter kind='argument' name='browser' value='chrome-98.0.4758.102'/>
                <parameter kind='environment-variable' name='BROWSER' value='chrome'/>
                <parameter kind='environment-variable' name='BROWSER_VERSION' value='undefined'/>
                <parameter kind='environment-variable' name='PLATFORM' value='undefined'/>
            </parameters>
            <steps>
                <step start='1646151248323' status='passed' stop='1646151248324'>
                    <name>Open Web Shop</name>
                    <title>Open Web Shop</title>
                    <attachments/>
                    <steps/>
                </step>
                <step start='1646151248328' status='passed' stop='1646151251271'>
                    <name>Navigate to Log in Page</name>
                    <title>Navigate to Log in Page</title>
                    <attachments/>
                    <steps>
                        <step start='1646151251271' status='passed' stop='1646151251271'>
                            <name>Open Login Page</name>
                            <title>Open Login Page</title>
                            <attachments/>
                            <steps/>
                        </step>
                    </steps>
                </step>
                <step start='1646151251271' status='failed' stop='1646151253176'>
                    <name>Log in</name>
                    <title>Log in</title>
                    <attachments/>
                    <steps>
                        <step start='1646151251403' status='passed' stop='1646151251403'>
                            <name>Set email to rubi.test@mail.com</name>
                            <title>Set email to rubi.test@mail.com</title>
                            <attachments/>
                            <steps/>
                        </step>
                        <step start='1646151251532' status='passed' stop='1646151251532'>
                            <name>Enter the password</name>
                            <title>Enter the password</title>
                            <attachments/>
                            <steps/>
                        </step>
                        <step start='1646151253070' status='passed' stop='1646151253070'>
                            <name>Get Customer Info</name>
                            <title>Get Customer Info</title>
                            <attachments/>
                            <steps/>
                        </step>
                        <step start='1646151253116' status='passed' stop='1646151253116'>
                            <name>Click Login in Button</name>
                            <title>Click Login in Button</title>
                            <attachments/>
                            <steps/>
                        </step>
                        <step start='1646151253116' status='passed' stop='1646151253116'>
                            <name>Get Customer Info</name>
                            <title>Get Customer Info</title>
                            <attachments/>
                            <steps/>
                        </step>
                    </steps>
                </step>
            </steps>
            <attachments/>
            <failure>
                <message>expected 'Register' == 'rubi.test@mail.com'      
                      actual expected
                      
                      'Registerrubi.test@mail.com'
                      </message>
                <stack-trace>AssertionError: expected 'Register' == 'rubi.test@mail.com'
                    at Context.&lt;anonymous> (C:\NATC-Automation\Project\wdio\NATC-Automation\test\specs\/login.spec.js:22:20)
                    at processTicksAndRejections (node:internal/process/task_queues:96:5)</stack-trace>
            </failure>
        </test-case>
    </test-cases>
</ns2:test-suite>