<?xml version='1.0'?>
<ns2:test-suite xmlns:ns2='urn:model.allure.qatools.yandex.ru' start='1646151478089' stop='1646151485139'>
    <name>PRECONDITION</name>
    <title>PRECONDITION</title>
    <test-cases>
        <test-case start='1646151478091' status='failed' stop='1646151485135'>
            <name>TEST LOGIN</name>
            <title>TEST LOGIN</title>
            <labels>
                <label name='language' value='javascript'/>
                <label name='framework' value='wdio'/>
                <label name='thread' value='0-0'/>
            </labels>
            <parameters>
                <parameter kind='argument' name='browser' value='chrome-98.0.4758.102'/>
                <parameter kind='environment-variable' name='BROWSER' value='chrome'/>
                <parameter kind='environment-variable' name='BROWSER_VERSION' value='undefined'/>
                <parameter kind='environment-variable' name='PLATFORM' value='undefined'/>
            </parameters>
            <steps>
                <step start='1646151478094' status='passed' stop='1646151478095'>
                    <name>Open Web Shop</name>
                    <title>Open Web Shop</title>
                    <attachments/>
                    <steps/>
                </step>
                <step start='1646151478101' status='passed' stop='1646151483147'>
                    <name>Navigate to Log in Page</name>
                    <title>Navigate to Log in Page</title>
                    <attachments/>
                    <steps>
                        <step start='1646151483147' status='passed' stop='1646151483147'>
                            <name>Open Login Page</name>
                            <title>Open Login Page</title>
                            <attachments/>
                            <steps/>
                        </step>
                    </steps>
                </step>
                <step start='1646151483147' status='failed' stop='1646151485135'>
                    <name>Log in</name>
                    <title>Log in</title>
                    <attachments>
                        <attachment title='TEST_LOGIN_fail.png' source='7da09879-3bf4-43f9-91b5-3ffca0aa89e2-attachment.png' type='image/png' size='98427'/>
                    </attachments>
                    <steps>
                        <step start='1646151483327' status='passed' stop='1646151483327'>
                            <name>Set email to rtester@hotmail.com</name>
                            <title>Set email to rtester@hotmail.com</title>
                            <attachments/>
                            <steps/>
                        </step>
                        <step start='1646151483460' status='passed' stop='1646151483460'>
                            <name>Enter the password</name>
                            <title>Enter the password</title>
                            <attachments/>
                            <steps/>
                        </step>
                        <step start='1646151485030' status='passed' stop='1646151485030'>
                            <name>Get Customer Info</name>
                            <title>Get Customer Info</title>
                            <attachments/>
                            <steps/>
                        </step>
                        <step start='1646151485073' status='passed' stop='1646151485073'>
                            <name>Click Login in Button</name>
                            <title>Click Login in Button</title>
                            <attachments/>
                            <steps/>
                        </step>
                        <step start='1646151485073' status='passed' stop='1646151485074'>
                            <name>Get Customer Info</name>
                            <title>Get Customer Info</title>
                            <attachments/>
                            <steps/>
                        </step>
                    </steps>
                </step>
            </steps>
            <attachments/>
            <failure>
                <message>expected 'Register' == 'rtester@hotmail.com'      
                      actual expected
                      
                      'Registerrtester@hotmail.com'
                      </message>
                <stack-trace>AssertionError: expected 'Register' == 'rtester@hotmail.com'
                    at Context.&lt;anonymous> (C:\NATC-Automation\Project\wdio\NATC-Automation\test\specs\/login.spec.js:22:20)
                    at processTicksAndRejections (node:internal/process/task_queues:96:5)</stack-trace>
            </failure>
        </test-case>
    </test-cases>
</ns2:test-suite>