<?xml version='1.0'?>
<ns2:test-suite xmlns:ns2='urn:model.allure.qatools.yandex.ru' start='1646151135555' stop='1646151142218'>
    <name> ORDER PRODUCT</name>
    <title> ORDER PRODUCT</title>
    <test-cases>
        <test-case start='1646151135558' status='failed' stop='1646151142217'>
            <name>ORDER BLUE JEANS</name>
            <title>ORDER BLUE JEANS</title>
            <labels>
                <label name='language' value='javascript'/>
                <label name='framework' value='wdio'/>
                <label name='thread' value='0-0'/>
            </labels>
            <parameters>
                <parameter kind='argument' name='browser' value='chrome-98.0.4758.102'/>
                <parameter kind='environment-variable' name='BROWSER' value='chrome'/>
                <parameter kind='environment-variable' name='BROWSER_VERSION' value='undefined'/>
                <parameter kind='environment-variable' name='PLATFORM' value='undefined'/>
            </parameters>
            <steps>
                <step start='1646151135566' status='passed' stop='1646151135567'>
                    <name>Open Web Shop</name>
                    <title>Open Web Shop</title>
                    <attachments/>
                    <steps/>
                </step>
                <step start='1646151135573' status='failed' stop='1646151142217'>
                    <name>Login Procedure</name>
                    <title>Login Procedure</title>
                    <attachments>
                        <attachment title='ORDER_BLUE_JEANS_fail.png' source='46e98973-5319-4683-9932-01fbcdccdcf6-attachment.png' type='image/png' size='98551'/>
                    </attachments>
                    <steps>
                        <step start='1646151139860' status='passed' stop='1646151139860'>
                            <name>Open Login Page</name>
                            <title>Open Login Page</title>
                            <attachments/>
                            <steps/>
                        </step>
                        <step start='1646151140048' status='passed' stop='1646151140048'>
                            <name>Set email to rubi.test@mail.com</name>
                            <title>Set email to rubi.test@mail.com</title>
                            <attachments/>
                            <steps/>
                        </step>
                        <step start='1646151140143' status='passed' stop='1646151140143'>
                            <name>Enter the password</name>
                            <title>Enter the password</title>
                            <attachments/>
                            <steps/>
                        </step>
                        <step start='1646151142127' status='passed' stop='1646151142127'>
                            <name>Get Customer Info</name>
                            <title>Get Customer Info</title>
                            <attachments/>
                            <steps/>
                        </step>
                        <step start='1646151142169' status='passed' stop='1646151142169'>
                            <name>Click Login in Button</name>
                            <title>Click Login in Button</title>
                            <attachments/>
                            <steps/>
                        </step>
                        <step start='1646151142169' status='passed' stop='1646151142169'>
                            <name>Get Customer Info</name>
                            <title>Get Customer Info</title>
                            <attachments/>
                            <steps/>
                        </step>
                    </steps>
                </step>
            </steps>
            <attachments/>
            <failure>
                <message>expected 'Register' == 'rubi.test@mail.com'      
                      actual expected
                      
                      'Registerrubi.test@mail.com'
                      </message>
                <stack-trace>AssertionError: expected 'Register' == 'rubi.test@mail.com'
                    at Context.&lt;anonymous> (C:\NATC-Automation\Project\wdio\NATC-Automation\test\specs\/order-product.spec.js:19:12)
                    at processTicksAndRejections (node:internal/process/task_queues:96:5)</stack-trace>
            </failure>
        </test-case>
    </test-cases>
</ns2:test-suite>