<?xml version='1.0'?>
<ns2:test-suite xmlns:ns2='urn:model.allure.qatools.yandex.ru' start='1646151561512' stop='1646151571862'>
    <name> ORDER PRODUCT</name>
    <title> ORDER PRODUCT</title>
    <test-cases>
        <test-case start='1646151561515' status='failed' stop='1646151571860'>
            <name>ORDER BLUE JEANS</name>
            <title>ORDER BLUE JEANS</title>
            <labels>
                <label name='language' value='javascript'/>
                <label name='framework' value='wdio'/>
                <label name='thread' value='0-0'/>
            </labels>
            <parameters>
                <parameter kind='argument' name='browser' value='chrome-98.0.4758.102'/>
                <parameter kind='environment-variable' name='BROWSER' value='chrome'/>
                <parameter kind='environment-variable' name='BROWSER_VERSION' value='undefined'/>
                <parameter kind='environment-variable' name='PLATFORM' value='undefined'/>
            </parameters>
            <steps>
                <step start='1646151561525' status='passed' stop='1646151561526'>
                    <name>Open Web Shop</name>
                    <title>Open Web Shop</title>
                    <attachments/>
                    <steps/>
                </step>
                <step start='1646151561534' status='failed' stop='1646151571860'>
                    <name>Login Procedure</name>
                    <title>Login Procedure</title>
                    <attachments>
                        <attachment title='ORDER_BLUE_JEANS_fail.png' source='f76af901-447a-484d-acae-4c9e55690244-attachment.png' type='image/png' size='98454'/>
                    </attachments>
                    <steps>
                        <step start='1646151568238' status='passed' stop='1646151568239'>
                            <name>Open Login Page</name>
                            <title>Open Login Page</title>
                            <attachments/>
                            <steps/>
                        </step>
                        <step start='1646151568995' status='passed' stop='1646151568995'>
                            <name>Set email to rtester@hotmail.com</name>
                            <title>Set email to rtester@hotmail.com</title>
                            <attachments/>
                            <steps/>
                        </step>
                        <step start='1646151569701' status='passed' stop='1646151569701'>
                            <name>Enter the password</name>
                            <title>Enter the password</title>
                            <attachments/>
                            <steps/>
                        </step>
                        <step start='1646151571743' status='passed' stop='1646151571743'>
                            <name>Get Customer Info</name>
                            <title>Get Customer Info</title>
                            <attachments/>
                            <steps/>
                        </step>
                        <step start='1646151571794' status='passed' stop='1646151571794'>
                            <name>Click Login in Button</name>
                            <title>Click Login in Button</title>
                            <attachments/>
                            <steps/>
                        </step>
                        <step start='1646151571794' status='passed' stop='1646151571794'>
                            <name>Get Customer Info</name>
                            <title>Get Customer Info</title>
                            <attachments/>
                            <steps/>
                        </step>
                    </steps>
                </step>
            </steps>
            <attachments/>
            <failure>
                <message>expected 'Register' == 'rtester@hotmail.com'      
                      actual expected
                      
                      'Registerrtester@hotmail.com'
                      </message>
                <stack-trace>AssertionError: expected 'Register' == 'rtester@hotmail.com'
                    at Context.&lt;anonymous> (C:\NATC-Automation\Project\wdio\NATC-Automation\test\specs\/order-product.spec.js:19:12)
                    at processTicksAndRejections (node:internal/process/task_queues:96:5)</stack-trace>
            </failure>
        </test-case>
    </test-cases>
</ns2:test-suite>